# JRE version: OpenJDK Runtime Environment Temurin-21.0.9+10 (21.0.9+10) (build 21.0.9+10-LTS)
# Java VM: OpenJDK 64-Bit Server VM Temurin-21.0.9+10 (21.0.9+10-LTS, mixed mode, sharing, tiered, compressed oops, compressed class ptrs, parallel gc, windows-amd64)
GC Precious Log:
 CardTable entry size: 512
 CPUs: 16 total, 16 available
 Memory: 11972M
 Large Page Support: Disabled
 NUMA Support: Disabled
 Compressed Oops: Enabled (32-bit)
 Alignments: Space 512K, Generation 512K, Heap 2M
 Heap Min Capacity: 100M
 Heap Initial Capacity: 100M
 Heap Max Capacity: 2G
 Pre-touch: Disabled
 Parallel Workers: 13
Heap:
 PSYoungGen      total 13312K, used 10543K [0x00000000d5580000, 0x00000000d6580000, 0x0000000100000000)
  eden space 12288K, 77% used [0x00000000d5580000,0x00000000d5ed6c08,0x00000000d6180000)
  from space 1024K, 95% used [0x00000000d6180000,0x00000000d6275200,0x00000000d6280000)
  to   space 2048K, 0% used [0x00000000d6380000,0x00000000d6380000,0x00000000d6580000)
 ParOldGen       total 116224K, used 116043K [0x0000000080000000, 0x0000000087180000, 0x00000000d5580000)
  object space 116224K, 99% used [0x0000000080000000,0x0000000087152c18,0x0000000087180000)
 Metaspace       used 70760K, committed 72320K, reserved 1114112K
  class space    used 7260K, committed 7936K, reserved 1048576K
GC Heap History (20 events):
Event: 52.848 GC heap before
{Heap before GC invocations=105 (full 3):
 PSYoungGen      total 14336K, used 14068K [0x00000000d5580000, 0x00000000d6580000, 0x0000000100000000)
  eden space 13312K, 100% used [0x00000000d5580000,0x00000000d6280000,0x00000000d6280000)
  from space 1024K, 73% used [0x00000000d6280000,0x00000000d633d200,0x00000000d6380000)
  to   space 1536K, 0% used [0x00000000d6400000,0x00000000d6400000,0x00000000d6580000)
 ParOldGen       total 107008K, used 106640K [0x0000000080000000, 0x0000000086880000, 0x00000000d5580000)
  object space 107008K, 99% used [0x0000000080000000,0x0000000086824058,0x0000000086880000)
 Metaspace       used 70529K, committed 72000K, reserved 1114112K
  class space    used 7254K, committed 7936K, reserved 1048576K
}
Event: 52.849 GC heap after
{Heap after GC invocations=105 (full 3):
 PSYoungGen      total 14336K, used 874K [0x00000000d5580000, 0x00000000d6500000, 0x0000000100000000)
  eden space 13312K, 0% used [0x00000000d5580000,0x00000000d5580000,0x00000000d6280000)
  from space 1024K, 85% used [0x00000000d6400000,0x00000000d64da910,0x00000000d6500000)
  to   space 1024K, 0% used [0x00000000d6280000,0x00000000d6280000,0x00000000d6380000)
 ParOldGen       total 107520K, used 107188K [0x0000000080000000, 0x0000000086900000, 0x00000000d5580000)
  object space 107520K, 99% used [0x0000000080000000,0x00000000868ad288,0x0000000086900000)
 Metaspace       used 70529K, committed 72000K, reserved 1114112K
  class space    used 7254K, committed 7936K, reserved 1048576K
}
Event: 52.923 GC heap before
{Heap before GC invocations=106 (full 3):
 PSYoungGen      total 14336K, used 14186K [0x00000000d5580000, 0x00000000d6500000, 0x0000000100000000)
  eden space 13312K, 100% used [0x00000000d5580000,0x00000000d6280000,0x00000000d6280000)
  from space 1024K, 85% used [0x00000000d6400000,0x00000000d64da910,0x00000000d6500000)
  to   space 1024K, 0% used [0x00000000d6280000,0x00000000d6280000,0x00000000d6380000)
 ParOldGen       total 107520K, used 107188K [0x0000000080000000, 0x0000000086900000, 0x00000000d5580000)
  object space 107520K, 99% used [0x0000000080000000,0x00000000868ad288,0x0000000086900000)
 Metaspace       used 70543K, committed 72128K, reserved 1114112K
  class space    used 7254K, committed 7936K, reserved 1048576K
}
Event: 52.924 GC heap after
{Heap after GC invocations=106 (full 3):
 PSYoungGen      total 14336K, used 340K [0x00000000d5580000, 0x00000000d6480000, 0x0000000100000000)
  eden space 13312K, 0% used [0x00000000d5580000,0x00000000d5580000,0x00000000d6280000)
  from space 1024K, 33% used [0x00000000d6280000,0x00000000d62d5200,0x00000000d6380000)
  to   space 1024K, 0% used [0x00000000d6380000,0x00000000d6380000,0x00000000d6480000)
 ParOldGen       total 108032K, used 107586K [0x0000000080000000, 0x0000000086980000, 0x00000000d5580000)
  object space 108032K, 99% used [0x0000000080000000,0x0000000086910a08,0x0000000086980000)
 Metaspace       used 70543K, committed 72128K, reserved 1114112K
  class space    used 7254K, committed 7936K, reserved 1048576K
}
Event: 52.986 GC heap before
{Heap before GC invocations=107 (full 3):
 PSYoungGen      total 14336K, used 13652K [0x00000000d5580000, 0x00000000d6480000, 0x0000000100000000)
  eden space 13312K, 100% used [0x00000000d5580000,0x00000000d6280000,0x00000000d6280000)
  from space 1024K, 33% used [0x00000000d6280000,0x00000000d62d5200,0x00000000d6380000)
  to   space 1024K, 0% used [0x00000000d6380000,0x00000000d6380000,0x00000000d6480000)
 ParOldGen       total 108032K, used 107586K [0x0000000080000000, 0x0000000086980000, 0x00000000d5580000)
  object space 108032K, 99% used [0x0000000080000000,0x0000000086910a08,0x0000000086980000)
 Metaspace       used 70545K, committed 72128K, reserved 1114112K
  class space    used 7254K, committed 7936K, reserved 1048576K
}
Event: 52.988 GC heap after
{Heap after GC invocations=107 (full 3):
 PSYoungGen      total 13824K, used 1012K [0x00000000d5580000, 0x00000000d6580000, 0x0000000100000000)
  eden space 12800K, 0% used [0x00000000d5580000,0x00000000d5580000,0x00000000d6200000)
  from space 1024K, 98% used [0x00000000d6380000,0x00000000d647d200,0x00000000d6480000)
  to   space 1536K, 0% used [0x00000000d6200000,0x00000000d6200000,0x00000000d6380000)
 ParOldGen       total 108032K, used 107735K [0x0000000080000000, 0x0000000086980000, 0x00000000d5580000)
  object space 108032K, 99% used [0x0000000080000000,0x0000000086935c18,0x0000000086980000)
 Metaspace       used 70545K, committed 72128K, reserved 1114112K
  class space    used 7254K, committed 7936K, reserved 1048576K
}
Event: 53.052 GC heap before
{Heap before GC invocations=108 (full 3):
 PSYoungGen      total 13824K, used 13812K [0x00000000d5580000, 0x00000000d6580000, 0x0000000100000000)
  eden space 12800K, 100% used [0x00000000d5580000,0x00000000d6200000,0x00000000d6200000)
  from space 1024K, 98% used [0x00000000d6380000,0x00000000d647d200,0x00000000d6480000)
  to   space 1536K, 0% used [0x00000000d6200000,0x00000000d6200000,0x00000000d6380000)
 ParOldGen       total 108032K, used 107735K [0x0000000080000000, 0x0000000086980000, 0x00000000d5580000)
  object space 108032K, 99% used [0x0000000080000000,0x0000000086935c18,0x0000000086980000)
 Metaspace       used 70585K, committed 72128K, reserved 1114112K
  class space    used 7255K, committed 7936K, reserved 1048576K
}
Event: 53.055 GC heap after
{Heap after GC invocations=108 (full 3):
 PSYoungGen      total 14336K, used 1508K [0x00000000d5580000, 0x00000000d6800000, 0x0000000100000000)
  eden space 12800K, 0% used [0x00000000d5580000,0x00000000d5580000,0x00000000d6200000)
  from space 1536K, 98% used [0x00000000d6200000,0x00000000d6379230,0x00000000d6380000)
  to   space 3072K, 0% used [0x00000000d6500000,0x00000000d6500000,0x00000000d6800000)
 ParOldGen       total 109056K, used 108667K [0x0000000080000000, 0x0000000086a80000, 0x00000000d5580000)
  object space 109056K, 99% used [0x0000000080000000,0x0000000086a1ee48,0x0000000086a80000)
 Metaspace       used 70585K, committed 72128K, reserved 1114112K
  class space    used 7255K, committed 7936K, reserved 1048576K
}
Event: 53.141 GC heap before
{Heap before GC invocations=109 (full 3):
 PSYoungGen      total 14336K, used 14308K [0x00000000d5580000, 0x00000000d6800000, 0x0000000100000000)
  eden space 12800K, 100% used [0x00000000d5580000,0x00000000d6200000,0x00000000d6200000)
  from space 1536K, 98% used [0x00000000d6200000,0x00000000d6379230,0x00000000d6380000)
  to   space 3072K, 0% used [0x00000000d6500000,0x00000000d6500000,0x00000000d6800000)
 ParOldGen       total 109056K, used 108667K [0x0000000080000000, 0x0000000086a80000, 0x00000000d5580000)
  object space 109056K, 99% used [0x0000000080000000,0x0000000086a1ee48,0x0000000086a80000)
 Metaspace       used 70648K, committed 72192K, reserved 1114112K
  class space    used 7255K, committed 7936K, reserved 1048576K
}
Event: 53.144 GC heap after
{Heap after GC invocations=109 (full 3):
 PSYoungGen      total 13824K, used 954K [0x00000000d5580000, 0x00000000d6600000, 0x0000000100000000)
  eden space 12800K, 0% used [0x00000000d5580000,0x00000000d5580000,0x00000000d6200000)
  from space 1024K, 93% used [0x00000000d6500000,0x00000000d65ee900,0x00000000d6600000)
  to   space 1536K, 0% used [0x00000000d6300000,0x00000000d6300000,0x00000000d6480000)
 ParOldGen       total 110592K, used 110155K [0x0000000080000000, 0x0000000086c00000, 0x00000000d5580000)
  object space 110592K, 99% used [0x0000000080000000,0x0000000086b92f98,0x0000000086c00000)
 Metaspace       used 70648K, committed 72192K, reserved 1114112K
  class space    used 7255K, committed 7936K, reserved 1048576K
}
Event: 53.209 GC heap before
{Heap before GC invocations=110 (full 3):
 PSYoungGen      total 13824K, used 13754K [0x00000000d5580000, 0x00000000d6600000, 0x0000000100000000)
  eden space 12800K, 100% used [0x00000000d5580000,0x00000000d6200000,0x00000000d6200000)
  from space 1024K, 93% used [0x00000000d6500000,0x00000000d65ee900,0x00000000d6600000)
  to   space 1536K, 0% used [0x00000000d6300000,0x00000000d6300000,0x00000000d6480000)
 ParOldGen       total 110592K, used 110155K [0x0000000080000000, 0x0000000086c00000, 0x00000000d5580000)
  object space 110592K, 99% used [0x0000000080000000,0x0000000086b92f98,0x0000000086c00000)
 Metaspace       used 70668K, committed 72192K, reserved 1114112K
  class space    used 7255K, committed 7936K, reserved 1048576K
}
Event: 53.211 GC heap after
{Heap after GC invocations=110 (full 3):
 PSYoungGen      total 14336K, used 1530K [0x00000000d5580000, 0x00000000d6600000, 0x0000000100000000)
  eden space 12800K, 0% used [0x00000000d5580000,0x00000000d5580000,0x00000000d6200000)
  from space 1536K, 99% used [0x00000000d6300000,0x00000000d647e940,0x00000000d6480000)
  to   space 1536K, 0% used [0x00000000d6480000,0x00000000d6480000,0x00000000d6600000)
 ParOldGen       total 111104K, used 110956K [0x0000000080000000, 0x0000000086c80000, 0x00000000d5580000)
  object space 111104K, 99% used [0x0000000080000000,0x0000000086c5b0c8,0x0000000086c80000)
 Metaspace       used 70668K, committed 72192K, reserved 1114112K
  class space    used 7255K, committed 7936K, reserved 1048576K
}
Event: 53.327 GC heap before
{Heap before GC invocations=111 (full 3):
 PSYoungGen      total 14336K, used 14330K [0x00000000d5580000, 0x00000000d6600000, 0x0000000100000000)
  eden space 12800K, 100% used [0x00000000d5580000,0x00000000d6200000,0x00000000d6200000)
  from space 1536K, 99% used [0x00000000d6300000,0x00000000d647e940,0x00000000d6480000)
  to   space 1536K, 0% used [0x00000000d6480000,0x00000000d6480000,0x00000000d6600000)
 ParOldGen       total 111104K, used 110956K [0x0000000080000000, 0x0000000086c80000, 0x00000000d5580000)
  object space 111104K, 99% used [0x0000000080000000,0x0000000086c5b0c8,0x0000000086c80000)
 Metaspace       used 70681K, committed 72256K, reserved 1114112K
  class space    used 7255K, committed 7936K, reserved 1048576K
}
Event: 53.330 GC heap after
{Heap after GC invocations=111 (full 3):
 PSYoungGen      total 14336K, used 1230K [0x00000000d5580000, 0x00000000d6600000, 0x0000000100000000)
  eden space 12800K, 0% used [0x00000000d5580000,0x00000000d5580000,0x00000000d6200000)
  from space 1536K, 80% used [0x00000000d6480000,0x00000000d65b3af8,0x00000000d6600000)
  to   space 1536K, 0% used [0x00000000d6300000,0x00000000d6300000,0x00000000d6480000)
 ParOldGen       total 112640K, used 112347K [0x0000000080000000, 0x0000000086e00000, 0x00000000d5580000)
  object space 112640K, 99% used [0x0000000080000000,0x0000000086db6ec8,0x0000000086e00000)
 Metaspace       used 70681K, committed 72256K, reserved 1114112K
  class space    used 7255K, committed 7936K, reserved 1048576K
}
Event: 53.519 GC heap before
{Heap before GC invocations=112 (full 3):
 PSYoungGen      total 14336K, used 14030K [0x00000000d5580000, 0x00000000d6600000, 0x0000000100000000)
  eden space 12800K, 100% used [0x00000000d5580000,0x00000000d6200000,0x00000000d6200000)
  from space 1536K, 80% used [0x00000000d6480000,0x00000000d65b3af8,0x00000000d6600000)
  to   space 1536K, 0% used [0x00000000d6300000,0x00000000d6300000,0x00000000d6480000)
 ParOldGen       total 112640K, used 112347K [0x0000000080000000, 0x0000000086e00000, 0x00000000d5580000)
  object space 112640K, 99% used [0x0000000080000000,0x0000000086db6ec8,0x0000000086e00000)
 Metaspace       used 70687K, committed 72256K, reserved 1114112K
  class space    used 7255K, committed 7936K, reserved 1048576K
}
Event: 53.522 GC heap after
{Heap after GC invocations=112 (full 3):
 PSYoungGen      total 14336K, used 1328K [0x00000000d5580000, 0x00000000d6500000, 0x0000000100000000)
  eden space 12800K, 0% used [0x00000000d5580000,0x00000000d5580000,0x00000000d6200000)
  from space 1536K, 86% used [0x00000000d6300000,0x00000000d644c010,0x00000000d6480000)
  to   space 512K, 0% used [0x00000000d6480000,0x00000000d6480000,0x00000000d6500000)
 ParOldGen       total 113664K, used 113174K [0x0000000080000000, 0x0000000086f00000, 0x00000000d5580000)
  object space 113664K, 99% used [0x0000000080000000,0x0000000086e85bd8,0x0000000086f00000)
 Metaspace       used 70687K, committed 72256K, reserved 1114112K
  class space    used 7255K, committed 7936K, reserved 1048576K
}
Event: 53.608 GC heap before
{Heap before GC invocations=113 (full 3):
 PSYoungGen      total 14336K, used 14128K [0x00000000d5580000, 0x00000000d6500000, 0x0000000100000000)
  eden space 12800K, 100% used [0x00000000d5580000,0x00000000d6200000,0x00000000d6200000)
  from space 1536K, 86% used [0x00000000d6300000,0x00000000d644c010,0x00000000d6480000)
  to   space 512K, 0% used [0x00000000d6480000,0x00000000d6480000,0x00000000d6500000)
 ParOldGen       total 113664K, used 113174K [0x0000000080000000, 0x0000000086f00000, 0x00000000d5580000)
  object space 113664K, 99% used [0x0000000080000000,0x0000000086e85bd8,0x0000000086f00000)
 Metaspace       used 70724K, committed 72256K, reserved 1114112K
  class space    used 7259K, committed 7936K, reserved 1048576K
}
Event: 53.612 GC heap after
{Heap after GC invocations=113 (full 3):
 PSYoungGen      total 12800K, used 496K [0x00000000d5580000, 0x00000000d6800000, 0x0000000100000000)
  eden space 12288K, 0% used [0x00000000d5580000,0x00000000d5580000,0x00000000d6180000)
  from space 512K, 96% used [0x00000000d6480000,0x00000000d64fc150,0x00000000d6500000)
  to   space 3072K, 0% used [0x00000000d6180000,0x00000000d6180000,0x00000000d6480000)
 ParOldGen       total 115712K, used 115486K [0x0000000080000000, 0x0000000087100000, 0x00000000d5580000)
  object space 115712K, 99% used [0x0000000080000000,0x00000000870c7920,0x0000000087100000)
 Metaspace       used 70724K, committed 72256K, reserved 1114112K
  class space    used 7259K, committed 7936K, reserved 1048576K
}
Event: 53.701 GC heap before
{Heap before GC invocations=114 (full 3):
 PSYoungGen      total 12800K, used 12784K [0x00000000d5580000, 0x00000000d6800000, 0x0000000100000000)
  eden space 12288K, 100% used [0x00000000d5580000,0x00000000d6180000,0x00000000d6180000)
  from space 512K, 96% used [0x00000000d6480000,0x00000000d64fc150,0x00000000d6500000)
  to   space 3072K, 0% used [0x00000000d6180000,0x00000000d6180000,0x00000000d6480000)
 ParOldGen       total 115712K, used 115486K [0x0000000080000000, 0x0000000087100000, 0x00000000d5580000)
  object space 115712K, 99% used [0x0000000080000000,0x00000000870c7920,0x0000000087100000)
 Metaspace       used 70738K, committed 72256K, reserved 1114112K
  class space    used 7259K, committed 7936K, reserved 1048576K
}
Event: 53.704 GC heap after
{Heap after GC invocations=114 (full 3):
 PSYoungGen      total 13312K, used 980K [0x00000000d5580000, 0x00000000d6580000, 0x0000000100000000)
  eden space 12288K, 0% used [0x00000000d5580000,0x00000000d5580000,0x00000000d6180000)
  from space 1024K, 95% used [0x00000000d6180000,0x00000000d6275200,0x00000000d6280000)
  to   space 2048K, 0% used [0x00000000d6380000,0x00000000d6380000,0x00000000d6580000)
 ParOldGen       total 116224K, used 116043K [0x0000000080000000, 0x0000000087180000, 0x00000000d5580000)
  object space 116224K, 99% used [0x0000000080000000,0x0000000087152c18,0x0000000087180000)
 Metaspace       used 70738K, committed 72256K, reserved 1114112K
  class space    used 7259K, committed 7936K, reserved 1048576K
}

