# JRE version: OpenJDK Runtime Environment Temurin-21.0.9+10 (21.0.9+10) (build 21.0.9+10-LTS)
# Java VM: OpenJDK 64-Bit Server VM Temurin-21.0.9+10 (21.0.9+10-LTS, mixed mode, sharing, tiered, compressed oops, compressed class ptrs, parallel gc, windows-amd64)
GC Precious Log:
 CardTable entry size: 512
 CPUs: 16 total, 16 available
 Memory: 11972M
 Large Page Support: Disabled
 NUMA Support: Disabled
 Compressed Oops: Enabled (32-bit)
 Alignments: Space 512K, Generation 512K, Heap 2M
 Heap Min Capacity: 100M
 Heap Initial Capacity: 100M
 Heap Max Capacity: 2G
 Pre-touch: Disabled
 Parallel Workers: 13
Heap:
 PSYoungGen      total 17408K, used 4009K [0x00000000d5580000, 0x00000000d6900000, 0x0000000100000000)
  eden space 16896K, 20% used [0x00000000d5580000,0x00000000d58ee468,0x00000000d6600000)
  from space 512K, 96% used [0x00000000d6780000,0x00000000d67fc010,0x00000000d6800000)
  to   space 1536K, 0% used [0x00000000d6600000,0x00000000d6600000,0x00000000d6780000)
 ParOldGen       total 68608K, used 53468K [0x0000000080000000, 0x0000000084300000, 0x00000000d5580000)
  object space 68608K, 77% used [0x0000000080000000,0x0000000083437158,0x0000000084300000)
 Metaspace       used 58115K, committed 59520K, reserved 1114112K
  class space    used 6220K, committed 6848K, reserved 1048576K
GC Heap History (20 events):
Event: 12.523 GC heap after
{Heap after GC invocations=34 (full 2):
 PSYoungGen      total 17408K, used 512K [0x00000000d5580000, 0x00000000d6880000, 0x0000000100000000)
  eden space 16896K, 0% used [0x00000000d5580000,0x00000000d5580000,0x00000000d6600000)
  from space 512K, 100% used [0x00000000d6800000,0x00000000d6880000,0x00000000d6880000)
  to   space 1024K, 0% used [0x00000000d6680000,0x00000000d6680000,0x00000000d6780000)
 ParOldGen       total 68608K, used 49354K [0x0000000080000000, 0x0000000084300000, 0x00000000d5580000)
  object space 68608K, 71% used [0x0000000080000000,0x0000000083032ab0,0x0000000084300000)
 Metaspace       used 52870K, committed 54208K, reserved 1114112K
  class space    used 5713K, committed 6272K, reserved 1048576K
}
Event: 12.749 GC heap before
{Heap before GC invocations=35 (full 2):
 PSYoungGen      total 17408K, used 17408K [0x00000000d5580000, 0x00000000d6880000, 0x0000000100000000)
  eden space 16896K, 100% used [0x00000000d5580000,0x00000000d6600000,0x00000000d6600000)
  from space 512K, 100% used [0x00000000d6800000,0x00000000d6880000,0x00000000d6880000)
  to   space 1024K, 0% used [0x00000000d6680000,0x00000000d6680000,0x00000000d6780000)
 ParOldGen       total 68608K, used 49354K [0x0000000080000000, 0x0000000084300000, 0x00000000d5580000)
  object space 68608K, 71% used [0x0000000080000000,0x0000000083032ab0,0x0000000084300000)
 Metaspace       used 53727K, committed 55104K, reserved 1114112K
  class space    used 5817K, committed 6400K, reserved 1048576K
}
Event: 12.752 GC heap after
{Heap after GC invocations=35 (full 2):
 PSYoungGen      total 17920K, used 1009K [0x00000000d5580000, 0x00000000d6b00000, 0x0000000100000000)
  eden space 16896K, 0% used [0x00000000d5580000,0x00000000d5580000,0x00000000d6600000)
  from space 1024K, 98% used [0x00000000d6680000,0x00000000d677c558,0x00000000d6780000)
  to   space 2560K, 0% used [0x00000000d6880000,0x00000000d6880000,0x00000000d6b00000)
 ParOldGen       total 68608K, used 50440K [0x0000000080000000, 0x0000000084300000, 0x00000000d5580000)
  object space 68608K, 73% used [0x0000000080000000,0x0000000083142040,0x0000000084300000)
 Metaspace       used 53727K, committed 55104K, reserved 1114112K
  class space    used 5817K, committed 6400K, reserved 1048576K
}
Event: 12.832 GC heap before
{Heap before GC invocations=36 (full 2):
 PSYoungGen      total 17920K, used 17905K [0x00000000d5580000, 0x00000000d6b00000, 0x0000000100000000)
  eden space 16896K, 100% used [0x00000000d5580000,0x00000000d6600000,0x00000000d6600000)
  from space 1024K, 98% used [0x00000000d6680000,0x00000000d677c558,0x00000000d6780000)
  to   space 2560K, 0% used [0x00000000d6880000,0x00000000d6880000,0x00000000d6b00000)
 ParOldGen       total 68608K, used 50440K [0x0000000080000000, 0x0000000084300000, 0x00000000d5580000)
  object space 68608K, 73% used [0x0000000080000000,0x0000000083142040,0x0000000084300000)
 Metaspace       used 53739K, committed 55104K, reserved 1114112K
  class space    used 5817K, committed 6400K, reserved 1048576K
}
Event: 12.834 GC heap after
{Heap after GC invocations=36 (full 2):
 PSYoungGen      total 17920K, used 918K [0x00000000d5580000, 0x00000000d6980000, 0x0000000100000000)
  eden space 16896K, 0% used [0x00000000d5580000,0x00000000d5580000,0x00000000d6600000)
  from space 1024K, 89% used [0x00000000d6880000,0x00000000d6965a98,0x00000000d6980000)
  to   space 1536K, 0% used [0x00000000d6680000,0x00000000d6680000,0x00000000d6800000)
 ParOldGen       total 68608K, used 51488K [0x0000000080000000, 0x0000000084300000, 0x00000000d5580000)
  object space 68608K, 75% used [0x0000000080000000,0x0000000083248020,0x0000000084300000)
 Metaspace       used 53739K, committed 55104K, reserved 1114112K
  class space    used 5817K, committed 6400K, reserved 1048576K
}
Event: 13.056 GC heap before
{Heap before GC invocations=37 (full 2):
 PSYoungGen      total 17920K, used 17814K [0x00000000d5580000, 0x00000000d6980000, 0x0000000100000000)
  eden space 16896K, 100% used [0x00000000d5580000,0x00000000d6600000,0x00000000d6600000)
  from space 1024K, 89% used [0x00000000d6880000,0x00000000d6965a98,0x00000000d6980000)
  to   space 1536K, 0% used [0x00000000d6680000,0x00000000d6680000,0x00000000d6800000)
 ParOldGen       total 68608K, used 51488K [0x0000000080000000, 0x0000000084300000, 0x00000000d5580000)
  object space 68608K, 75% used [0x0000000080000000,0x0000000083248020,0x0000000084300000)
 Metaspace       used 55253K, committed 56576K, reserved 1114112K
  class space    used 5962K, committed 6528K, reserved 1048576K
}
Event: 13.057 GC heap after
{Heap after GC invocations=37 (full 2):
 PSYoungGen      total 18432K, used 544K [0x00000000d5580000, 0x00000000d6900000, 0x0000000100000000)
  eden space 16896K, 0% used [0x00000000d5580000,0x00000000d5580000,0x00000000d6600000)
  from space 1536K, 35% used [0x00000000d6680000,0x00000000d6708000,0x00000000d6800000)
  to   space 1024K, 0% used [0x00000000d6800000,0x00000000d6800000,0x00000000d6900000)
 ParOldGen       total 68608K, used 51512K [0x0000000080000000, 0x0000000084300000, 0x00000000d5580000)
  object space 68608K, 75% used [0x0000000080000000,0x000000008324e020,0x0000000084300000)
 Metaspace       used 55253K, committed 56576K, reserved 1114112K
  class space    used 5962K, committed 6528K, reserved 1048576K
}
Event: 13.444 GC heap before
{Heap before GC invocations=38 (full 2):
 PSYoungGen      total 18432K, used 17440K [0x00000000d5580000, 0x00000000d6900000, 0x0000000100000000)
  eden space 16896K, 100% used [0x00000000d5580000,0x00000000d6600000,0x00000000d6600000)
  from space 1536K, 35% used [0x00000000d6680000,0x00000000d6708000,0x00000000d6800000)
  to   space 1024K, 0% used [0x00000000d6800000,0x00000000d6800000,0x00000000d6900000)
 ParOldGen       total 68608K, used 51512K [0x0000000080000000, 0x0000000084300000, 0x00000000d5580000)
  object space 68608K, 75% used [0x0000000080000000,0x000000008324e020,0x0000000084300000)
 Metaspace       used 56117K, committed 57600K, reserved 1114112K
  class space    used 6048K, committed 6720K, reserved 1048576K
}
Event: 13.446 GC heap after
{Heap after GC invocations=38 (full 2):
 PSYoungGen      total 17920K, used 576K [0x00000000d5580000, 0x00000000d6900000, 0x0000000100000000)
  eden space 16896K, 0% used [0x00000000d5580000,0x00000000d5580000,0x00000000d6600000)
  from space 1024K, 56% used [0x00000000d6800000,0x00000000d6890000,0x00000000d6900000)
  to   space 1024K, 0% used [0x00000000d6700000,0x00000000d6700000,0x00000000d6800000)
 ParOldGen       total 68608K, used 51856K [0x0000000080000000, 0x0000000084300000, 0x00000000d5580000)
  object space 68608K, 75% used [0x0000000080000000,0x00000000832a4040,0x0000000084300000)
 Metaspace       used 56117K, committed 57600K, reserved 1114112K
  class space    used 6048K, committed 6720K, reserved 1048576K
}
Event: 13.602 GC heap before
{Heap before GC invocations=39 (full 2):
 PSYoungGen      total 17920K, used 17472K [0x00000000d5580000, 0x00000000d6900000, 0x0000000100000000)
  eden space 16896K, 100% used [0x00000000d5580000,0x00000000d6600000,0x00000000d6600000)
  from space 1024K, 56% used [0x00000000d6800000,0x00000000d6890000,0x00000000d6900000)
  to   space 1024K, 0% used [0x00000000d6700000,0x00000000d6700000,0x00000000d6800000)
 ParOldGen       total 68608K, used 51856K [0x0000000080000000, 0x0000000084300000, 0x00000000d5580000)
  object space 68608K, 75% used [0x0000000080000000,0x00000000832a4040,0x0000000084300000)
 Metaspace       used 56274K, committed 57728K, reserved 1114112K
  class space    used 6056K, committed 6720K, reserved 1048576K
}
Event: 13.604 GC heap after
{Heap after GC invocations=39 (full 2):
 PSYoungGen      total 17920K, used 560K [0x00000000d5580000, 0x00000000d6880000, 0x0000000100000000)
  eden space 16896K, 0% used [0x00000000d5580000,0x00000000d5580000,0x00000000d6600000)
  from space 1024K, 54% used [0x00000000d6700000,0x00000000d678c010,0x00000000d6800000)
  to   space 512K, 0% used [0x00000000d6800000,0x00000000d6800000,0x00000000d6880000)
 ParOldGen       total 68608K, used 52120K [0x0000000080000000, 0x0000000084300000, 0x00000000d5580000)
  object space 68608K, 75% used [0x0000000080000000,0x00000000832e6288,0x0000000084300000)
 Metaspace       used 56274K, committed 57728K, reserved 1114112K
  class space    used 6056K, committed 6720K, reserved 1048576K
}
Event: 13.830 GC heap before
{Heap before GC invocations=40 (full 2):
 PSYoungGen      total 17920K, used 17456K [0x00000000d5580000, 0x00000000d6880000, 0x0000000100000000)
  eden space 16896K, 100% used [0x00000000d5580000,0x00000000d6600000,0x00000000d6600000)
  from space 1024K, 54% used [0x00000000d6700000,0x00000000d678c010,0x00000000d6800000)
  to   space 512K, 0% used [0x00000000d6800000,0x00000000d6800000,0x00000000d6880000)
 ParOldGen       total 68608K, used 52120K [0x0000000080000000, 0x0000000084300000, 0x00000000d5580000)
  object space 68608K, 75% used [0x0000000080000000,0x00000000832e6288,0x0000000084300000)
 Metaspace       used 56446K, committed 57856K, reserved 1114112K
  class space    used 6062K, committed 6720K, reserved 1048576K
}
Event: 13.832 GC heap after
{Heap after GC invocations=40 (full 2):
 PSYoungGen      total 17408K, used 512K [0x00000000d5580000, 0x00000000d6880000, 0x0000000100000000)
  eden space 16896K, 0% used [0x00000000d5580000,0x00000000d5580000,0x00000000d6600000)
  from space 512K, 100% used [0x00000000d6800000,0x00000000d6880000,0x00000000d6880000)
  to   space 1024K, 0% used [0x00000000d6680000,0x00000000d6680000,0x00000000d6780000)
 ParOldGen       total 68608K, used 52264K [0x0000000080000000, 0x0000000084300000, 0x00000000d5580000)
  object space 68608K, 76% used [0x0000000080000000,0x000000008330a288,0x0000000084300000)
 Metaspace       used 56446K, committed 57856K, reserved 1114112K
  class space    used 6062K, committed 6720K, reserved 1048576K
}
Event: 14.061 GC heap before
{Heap before GC invocations=41 (full 2):
 PSYoungGen      total 17408K, used 17408K [0x00000000d5580000, 0x00000000d6880000, 0x0000000100000000)
  eden space 16896K, 100% used [0x00000000d5580000,0x00000000d6600000,0x00000000d6600000)
  from space 512K, 100% used [0x00000000d6800000,0x00000000d6880000,0x00000000d6880000)
  to   space 1024K, 0% used [0x00000000d6680000,0x00000000d6680000,0x00000000d6780000)
 ParOldGen       total 68608K, used 52264K [0x0000000080000000, 0x0000000084300000, 0x00000000d5580000)
  object space 68608K, 76% used [0x0000000080000000,0x000000008330a288,0x0000000084300000)
 Metaspace       used 56605K, committed 57984K, reserved 1114112K
  class space    used 6067K, committed 6720K, reserved 1048576K
}
Event: 14.063 GC heap after
{Heap after GC invocations=41 (full 2):
 PSYoungGen      total 17920K, used 691K [0x00000000d5580000, 0x00000000d6880000, 0x0000000100000000)
  eden space 16896K, 0% used [0x00000000d5580000,0x00000000d5580000,0x00000000d6600000)
  from space 1024K, 67% used [0x00000000d6680000,0x00000000d672ce70,0x00000000d6780000)
  to   space 1024K, 0% used [0x00000000d6780000,0x00000000d6780000,0x00000000d6880000)
 ParOldGen       total 68608K, used 52528K [0x0000000080000000, 0x0000000084300000, 0x00000000d5580000)
  object space 68608K, 76% used [0x0000000080000000,0x000000008334c298,0x0000000084300000)
 Metaspace       used 56605K, committed 57984K, reserved 1114112K
  class space    used 6067K, committed 6720K, reserved 1048576K
}
Event: 14.184 GC heap before
{Heap before GC invocations=42 (full 2):
 PSYoungGen      total 17920K, used 17587K [0x00000000d5580000, 0x00000000d6880000, 0x0000000100000000)
  eden space 16896K, 100% used [0x00000000d5580000,0x00000000d6600000,0x00000000d6600000)
  from space 1024K, 67% used [0x00000000d6680000,0x00000000d672ce70,0x00000000d6780000)
  to   space 1024K, 0% used [0x00000000d6780000,0x00000000d6780000,0x00000000d6880000)
 ParOldGen       total 68608K, used 52528K [0x0000000080000000, 0x0000000084300000, 0x00000000d5580000)
  object space 68608K, 76% used [0x0000000080000000,0x000000008334c298,0x0000000084300000)
 Metaspace       used 56671K, committed 58112K, reserved 1114112K
  class space    used 6069K, committed 6720K, reserved 1048576K
}
Event: 14.185 GC heap after
{Heap after GC invocations=42 (full 2):
 PSYoungGen      total 17408K, used 432K [0x00000000d5580000, 0x00000000d6800000, 0x0000000100000000)
  eden space 16896K, 0% used [0x00000000d5580000,0x00000000d5580000,0x00000000d6600000)
  from space 512K, 84% used [0x00000000d6780000,0x00000000d67ec010,0x00000000d6800000)
  to   space 1024K, 0% used [0x00000000d6600000,0x00000000d6600000,0x00000000d6700000)
 ParOldGen       total 68608K, used 52812K [0x0000000080000000, 0x0000000084300000, 0x00000000d5580000)
  object space 68608K, 76% used [0x0000000080000000,0x0000000083393108,0x0000000084300000)
 Metaspace       used 56671K, committed 58112K, reserved 1114112K
  class space    used 6069K, committed 6720K, reserved 1048576K
}
Event: 14.301 GC heap before
{Heap before GC invocations=43 (full 2):
 PSYoungGen      total 17408K, used 17328K [0x00000000d5580000, 0x00000000d6800000, 0x0000000100000000)
  eden space 16896K, 100% used [0x00000000d5580000,0x00000000d6600000,0x00000000d6600000)
  from space 512K, 84% used [0x00000000d6780000,0x00000000d67ec010,0x00000000d6800000)
  to   space 1024K, 0% used [0x00000000d6600000,0x00000000d6600000,0x00000000d6700000)
 ParOldGen       total 68608K, used 52812K [0x0000000080000000, 0x0000000084300000, 0x00000000d5580000)
  object space 68608K, 76% used [0x0000000080000000,0x0000000083393108,0x0000000084300000)
 Metaspace       used 56729K, committed 58112K, reserved 1114112K
  class space    used 6069K, committed 6720K, reserved 1048576K
}
Event: 14.303 GC heap after
{Heap after GC invocations=43 (full 2):
 PSYoungGen      total 17920K, used 352K [0x00000000d5580000, 0x00000000d6800000, 0x0000000100000000)
  eden space 16896K, 0% used [0x00000000d5580000,0x00000000d5580000,0x00000000d6600000)
  from space 1024K, 34% used [0x00000000d6600000,0x00000000d6658000,0x00000000d6700000)
  to   space 512K, 0% used [0x00000000d6780000,0x00000000d6780000,0x00000000d6800000)
 ParOldGen       total 68608K, used 52996K [0x0000000080000000, 0x0000000084300000, 0x00000000d5580000)
  object space 68608K, 77% used [0x0000000080000000,0x00000000833c1118,0x0000000084300000)
 Metaspace       used 56729K, committed 58112K, reserved 1114112K
  class space    used 6069K, committed 6720K, reserved 1048576K
}
Event: 14.574 GC heap before
{Heap before GC invocations=44 (full 2):
 PSYoungGen      total 17920K, used 17248K [0x00000000d5580000, 0x00000000d6800000, 0x0000000100000000)
  eden space 16896K, 100% used [0x00000000d5580000,0x00000000d6600000,0x00000000d6600000)
  from space 1024K, 34% used [0x00000000d6600000,0x00000000d6658000,0x00000000d6700000)
  to   space 512K, 0% used [0x00000000d6780000,0x00000000d6780000,0x00000000d6800000)
 ParOldGen       total 68608K, used 52996K [0x0000000080000000, 0x0000000084300000, 0x00000000d5580000)
  object space 68608K, 77% used [0x0000000080000000,0x00000000833c1118,0x0000000084300000)
 Metaspace       used 57836K, committed 59200K, reserved 1114112K
  class space    used 6185K, committed 6784K, reserved 1048576K
}

