# JRE version: OpenJDK Runtime Environment Temurin-21.0.9+10 (21.0.9+10) (build 21.0.9+10-LTS)
# Java VM: OpenJDK 64-Bit Server VM Temurin-21.0.9+10 (21.0.9+10-LTS, mixed mode, sharing, tiered, compressed oops, compressed class ptrs, parallel gc, windows-amd64)
GC Precious Log:
 CardTable entry size: 512
 CPUs: 16 total, 16 available
 Memory: 11972M
 Large Page Support: Disabled
 NUMA Support: Disabled
 Compressed Oops: Enabled (32-bit)
 Alignments: Space 512K, Generation 512K, Heap 2M
 Heap Min Capacity: 100M
 Heap Initial Capacity: 100M
 Heap Max Capacity: 2G
 Pre-touch: Disabled
 Parallel Workers: 13
Heap:
 PSYoungGen      total 13312K, used 9958K [0x00000000d5580000, 0x00000000d6400000, 0x0000000100000000)
  eden space 11776K, 80% used [0x00000000d5580000,0x00000000d5ec49c0,0x00000000d6100000)
  from space 1536K, 30% used [0x00000000d6100000,0x00000000d6174e70,0x00000000d6280000)
  to   space 1024K, 0% used [0x00000000d6300000,0x00000000d6300000,0x00000000d6400000)
 ParOldGen       total 770560K, used 770255K [0x0000000080000000, 0x00000000af080000, 0x00000000d5580000)
  object space 770560K, 99% used [0x0000000080000000,0x00000000af033cd0,0x00000000af080000)
 Metaspace       used 100919K, committed 102592K, reserved 1179648K
  class space    used 9847K, committed 10624K, reserved 1048576K
GC Heap History (20 events):
Event: 44018.262 GC heap before
{Heap before GC invocations=9501 (full 14):
 PSYoungGen      total 10752K, used 10688K [0x00000000d5580000, 0x00000000d6280000, 0x0000000100000000)
  eden space 9728K, 100% used [0x00000000d5580000,0x00000000d5f00000,0x00000000d5f00000)
  from space 1024K, 93% used [0x00000000d5f00000,0x00000000d5ff0000,0x00000000d6000000)
  to   space 1024K, 0% used [0x00000000d6180000,0x00000000d6180000,0x00000000d6280000)
 ParOldGen       total 760320K, used 760067K [0x0000000080000000, 0x00000000ae680000, 0x00000000d5580000)
  object space 760320K, 99% used [0x0000000080000000,0x00000000ae640c10,0x00000000ae680000)
 Metaspace       used 100918K, committed 102592K, reserved 1179648K
  class space    used 9847K, committed 10624K, reserved 1048576K
}
Event: 44018.267 GC heap after
{Heap after GC invocations=9501 (full 14):
 PSYoungGen      total 10752K, used 1021K [0x00000000d5580000, 0x00000000d6400000, 0x0000000100000000)
  eden space 9728K, 0% used [0x00000000d5580000,0x00000000d5580000,0x00000000d5f00000)
  from space 1024K, 99% used [0x00000000d6180000,0x00000000d627f780,0x00000000d6280000)
  to   space 2560K, 0% used [0x00000000d5f00000,0x00000000d5f00000,0x00000000d6180000)
 ParOldGen       total 761344K, used 761110K [0x0000000080000000, 0x00000000ae780000, 0x00000000d5580000)
  object space 761344K, 99% used [0x0000000080000000,0x00000000ae7459b0,0x00000000ae780000)
 Metaspace       used 100918K, committed 102592K, reserved 1179648K
  class space    used 9847K, committed 10624K, reserved 1048576K
}
Event: 44018.281 GC heap before
{Heap before GC invocations=9502 (full 14):
 PSYoungGen      total 10752K, used 10749K [0x00000000d5580000, 0x00000000d6400000, 0x0000000100000000)
  eden space 9728K, 100% used [0x00000000d5580000,0x00000000d5f00000,0x00000000d5f00000)
  from space 1024K, 99% used [0x00000000d6180000,0x00000000d627f780,0x00000000d6280000)
  to   space 2560K, 0% used [0x00000000d5f00000,0x00000000d5f00000,0x00000000d6180000)
 ParOldGen       total 761344K, used 761110K [0x0000000080000000, 0x00000000ae780000, 0x00000000d5580000)
  object space 761344K, 99% used [0x0000000080000000,0x00000000ae7459b0,0x00000000ae780000)
 Metaspace       used 100918K, committed 102592K, reserved 1179648K
  class space    used 9847K, committed 10624K, reserved 1048576K
}
Event: 44018.285 GC heap after
{Heap after GC invocations=9502 (full 14):
 PSYoungGen      total 11264K, used 1120K [0x00000000d5580000, 0x00000000d6200000, 0x0000000100000000)
  eden space 9728K, 0% used [0x00000000d5580000,0x00000000d5580000,0x00000000d5f00000)
  from space 1536K, 72% used [0x00000000d5f00000,0x00000000d6018040,0x00000000d6080000)
  to   space 1536K, 0% used [0x00000000d6080000,0x00000000d6080000,0x00000000d6200000)
 ParOldGen       total 762368K, used 762078K [0x0000000080000000, 0x00000000ae880000, 0x00000000d5580000)
  object space 762368K, 99% used [0x0000000080000000,0x00000000ae837a50,0x00000000ae880000)
 Metaspace       used 100918K, committed 102592K, reserved 1179648K
  class space    used 9847K, committed 10624K, reserved 1048576K
}
Event: 44018.293 GC heap before
{Heap before GC invocations=9503 (full 14):
 PSYoungGen      total 11264K, used 10848K [0x00000000d5580000, 0x00000000d6200000, 0x0000000100000000)
  eden space 9728K, 100% used [0x00000000d5580000,0x00000000d5f00000,0x00000000d5f00000)
  from space 1536K, 72% used [0x00000000d5f00000,0x00000000d6018040,0x00000000d6080000)
  to   space 1536K, 0% used [0x00000000d6080000,0x00000000d6080000,0x00000000d6200000)
 ParOldGen       total 762368K, used 762078K [0x0000000080000000, 0x00000000ae880000, 0x00000000d5580000)
  object space 762368K, 99% used [0x0000000080000000,0x00000000ae837a50,0x00000000ae880000)
 Metaspace       used 100918K, committed 102592K, reserved 1179648K
  class space    used 9847K, committed 10624K, reserved 1048576K
}
Event: 44018.297 GC heap after
{Heap after GC invocations=9503 (full 14):
 PSYoungGen      total 11264K, used 1072K [0x00000000d5580000, 0x00000000d6400000, 0x0000000100000000)
  eden space 9728K, 0% used [0x00000000d5580000,0x00000000d5580000,0x00000000d5f00000)
  from space 1536K, 69% used [0x00000000d6080000,0x00000000d618c010,0x00000000d6200000)
  to   space 1536K, 0% used [0x00000000d5f00000,0x00000000d5f00000,0x00000000d6080000)
 ParOldGen       total 763392K, used 763014K [0x0000000080000000, 0x00000000ae980000, 0x00000000d5580000)
  object space 763392K, 99% used [0x0000000080000000,0x00000000ae921ad0,0x00000000ae980000)
 Metaspace       used 100918K, committed 102592K, reserved 1179648K
  class space    used 9847K, committed 10624K, reserved 1048576K
}
Event: 44018.313 GC heap before
{Heap before GC invocations=9504 (full 14):
 PSYoungGen      total 11264K, used 10800K [0x00000000d5580000, 0x00000000d6400000, 0x0000000100000000)
  eden space 9728K, 100% used [0x00000000d5580000,0x00000000d5f00000,0x00000000d5f00000)
  from space 1536K, 69% used [0x00000000d6080000,0x00000000d618c010,0x00000000d6200000)
  to   space 1536K, 0% used [0x00000000d5f00000,0x00000000d5f00000,0x00000000d6080000)
 ParOldGen       total 763392K, used 763014K [0x0000000080000000, 0x00000000ae980000, 0x00000000d5580000)
  object space 763392K, 99% used [0x0000000080000000,0x00000000ae921ad0,0x00000000ae980000)
 Metaspace       used 100918K, committed 102592K, reserved 1179648K
  class space    used 9847K, committed 10624K, reserved 1048576K
}
Event: 44018.316 GC heap after
{Heap after GC invocations=9504 (full 14):
 PSYoungGen      total 11264K, used 1441K [0x00000000d5580000, 0x00000000d6400000, 0x0000000100000000)
  eden space 9728K, 0% used [0x00000000d5580000,0x00000000d5580000,0x00000000d5f00000)
  from space 1536K, 93% used [0x00000000d5f00000,0x00000000d6068600,0x00000000d6080000)
  to   space 1536K, 0% used [0x00000000d6280000,0x00000000d6280000,0x00000000d6400000)
 ParOldGen       total 763904K, used 763822K [0x0000000080000000, 0x00000000aea00000, 0x00000000d5580000)
  object space 763904K, 99% used [0x0000000080000000,0x00000000ae9ebb90,0x00000000aea00000)
 Metaspace       used 100918K, committed 102592K, reserved 1179648K
  class space    used 9847K, committed 10624K, reserved 1048576K
}
Event: 44018.327 GC heap before
{Heap before GC invocations=9505 (full 14):
 PSYoungGen      total 11264K, used 11169K [0x00000000d5580000, 0x00000000d6400000, 0x0000000100000000)
  eden space 9728K, 100% used [0x00000000d5580000,0x00000000d5f00000,0x00000000d5f00000)
  from space 1536K, 93% used [0x00000000d5f00000,0x00000000d6068600,0x00000000d6080000)
  to   space 1536K, 0% used [0x00000000d6280000,0x00000000d6280000,0x00000000d6400000)
 ParOldGen       total 763904K, used 763822K [0x0000000080000000, 0x00000000aea00000, 0x00000000d5580000)
  object space 763904K, 99% used [0x0000000080000000,0x00000000ae9ebb90,0x00000000aea00000)
 Metaspace       used 100918K, committed 102592K, reserved 1179648K
  class space    used 9847K, committed 10624K, reserved 1048576K
}
Event: 44018.330 GC heap after
{Heap after GC invocations=9505 (full 14):
 PSYoungGen      total 13312K, used 1024K [0x00000000d5580000, 0x00000000d6400000, 0x0000000100000000)
  eden space 11776K, 0% used [0x00000000d5580000,0x00000000d5580000,0x00000000d6100000)
  from space 1536K, 66% used [0x00000000d6280000,0x00000000d6380020,0x00000000d6400000)
  to   space 1536K, 0% used [0x00000000d6100000,0x00000000d6100000,0x00000000d6280000)
 ParOldGen       total 765440K, used 765042K [0x0000000080000000, 0x00000000aeb80000, 0x00000000d5580000)
  object space 765440K, 99% used [0x0000000080000000,0x00000000aeb1cad0,0x00000000aeb80000)
 Metaspace       used 100918K, committed 102592K, reserved 1179648K
  class space    used 9847K, committed 10624K, reserved 1048576K
}
Event: 44018.339 GC heap before
{Heap before GC invocations=9506 (full 14):
 PSYoungGen      total 13312K, used 12800K [0x00000000d5580000, 0x00000000d6400000, 0x0000000100000000)
  eden space 11776K, 100% used [0x00000000d5580000,0x00000000d6100000,0x00000000d6100000)
  from space 1536K, 66% used [0x00000000d6280000,0x00000000d6380020,0x00000000d6400000)
  to   space 1536K, 0% used [0x00000000d6100000,0x00000000d6100000,0x00000000d6280000)
 ParOldGen       total 765440K, used 765042K [0x0000000080000000, 0x00000000aeb80000, 0x00000000d5580000)
  object space 765440K, 99% used [0x0000000080000000,0x00000000aeb1cad0,0x00000000aeb80000)
 Metaspace       used 100918K, committed 102592K, reserved 1179648K
  class space    used 9847K, committed 10624K, reserved 1048576K
}
Event: 44018.342 GC heap after
{Heap after GC invocations=9506 (full 14):
 PSYoungGen      total 13312K, used 1120K [0x00000000d5580000, 0x00000000d6680000, 0x0000000100000000)
  eden space 11776K, 0% used [0x00000000d5580000,0x00000000d5580000,0x00000000d6100000)
  from space 1536K, 72% used [0x00000000d6100000,0x00000000d6218040,0x00000000d6280000)
  to   space 1536K, 0% used [0x00000000d6500000,0x00000000d6500000,0x00000000d6680000)
 ParOldGen       total 765952K, used 765946K [0x0000000080000000, 0x00000000aec00000, 0x00000000d5580000)
  object space 765952K, 99% used [0x0000000080000000,0x00000000aebfeb50,0x00000000aec00000)
 Metaspace       used 100918K, committed 102592K, reserved 1179648K
  class space    used 9847K, committed 10624K, reserved 1048576K
}
Event: 44024.315 GC heap before
{Heap before GC invocations=9507 (full 14):
 PSYoungGen      total 13312K, used 12896K [0x00000000d5580000, 0x00000000d6680000, 0x0000000100000000)
  eden space 11776K, 100% used [0x00000000d5580000,0x00000000d6100000,0x00000000d6100000)
  from space 1536K, 72% used [0x00000000d6100000,0x00000000d6218040,0x00000000d6280000)
  to   space 1536K, 0% used [0x00000000d6500000,0x00000000d6500000,0x00000000d6680000)
 ParOldGen       total 765952K, used 765946K [0x0000000080000000, 0x00000000aec00000, 0x00000000d5580000)
  object space 765952K, 99% used [0x0000000080000000,0x00000000aebfeb50,0x00000000aec00000)
 Metaspace       used 100919K, committed 102592K, reserved 1179648K
  class space    used 9847K, committed 10624K, reserved 1048576K
}
Event: 44024.319 GC heap after
{Heap after GC invocations=9507 (full 14):
 PSYoungGen      total 13312K, used 1512K [0x00000000d5580000, 0x00000000d6700000, 0x0000000100000000)
  eden space 11776K, 0% used [0x00000000d5580000,0x00000000d5580000,0x00000000d6100000)
  from space 1536K, 98% used [0x00000000d6500000,0x00000000d667a2c0,0x00000000d6680000)
  to   space 3072K, 0% used [0x00000000d6100000,0x00000000d6100000,0x00000000d6400000)
 ParOldGen       total 766976K, used 766943K [0x0000000080000000, 0x00000000aed00000, 0x00000000d5580000)
  object space 766976K, 99% used [0x0000000080000000,0x00000000aecf7c20,0x00000000aed00000)
 Metaspace       used 100919K, committed 102592K, reserved 1179648K
  class space    used 9847K, committed 10624K, reserved 1048576K
}
Event: 44024.334 GC heap before
{Heap before GC invocations=9508 (full 14):
 PSYoungGen      total 13312K, used 13288K [0x00000000d5580000, 0x00000000d6700000, 0x0000000100000000)
  eden space 11776K, 100% used [0x00000000d5580000,0x00000000d6100000,0x00000000d6100000)
  from space 1536K, 98% used [0x00000000d6500000,0x00000000d667a2c0,0x00000000d6680000)
  to   space 3072K, 0% used [0x00000000d6100000,0x00000000d6100000,0x00000000d6400000)
 ParOldGen       total 766976K, used 766943K [0x0000000080000000, 0x00000000aed00000, 0x00000000d5580000)
  object space 766976K, 99% used [0x0000000080000000,0x00000000aecf7c20,0x00000000aed00000)
 Metaspace       used 100919K, committed 102592K, reserved 1179648K
  class space    used 9847K, committed 10624K, reserved 1048576K
}
Event: 44024.337 GC heap after
{Heap after GC invocations=9508 (full 14):
 PSYoungGen      total 13312K, used 1296K [0x00000000d5580000, 0x00000000d6580000, 0x0000000100000000)
  eden space 11776K, 0% used [0x00000000d5580000,0x00000000d5580000,0x00000000d6100000)
  from space 1536K, 84% used [0x00000000d6100000,0x00000000d6244030,0x00000000d6280000)
  to   space 2048K, 0% used [0x00000000d6380000,0x00000000d6380000,0x00000000d6580000)
 ParOldGen       total 768512K, used 768178K [0x0000000080000000, 0x00000000aee80000, 0x00000000d5580000)
  object space 768512K, 99% used [0x0000000080000000,0x00000000aee2cb60,0x00000000aee80000)
 Metaspace       used 100919K, committed 102592K, reserved 1179648K
  class space    used 9847K, committed 10624K, reserved 1048576K
}
Event: 44024.356 GC heap before
{Heap before GC invocations=9509 (full 14):
 PSYoungGen      total 13312K, used 13072K [0x00000000d5580000, 0x00000000d6580000, 0x0000000100000000)
  eden space 11776K, 100% used [0x00000000d5580000,0x00000000d6100000,0x00000000d6100000)
  from space 1536K, 84% used [0x00000000d6100000,0x00000000d6244030,0x00000000d6280000)
  to   space 2048K, 0% used [0x00000000d6380000,0x00000000d6380000,0x00000000d6580000)
 ParOldGen       total 768512K, used 768178K [0x0000000080000000, 0x00000000aee80000, 0x00000000d5580000)
  object space 768512K, 99% used [0x0000000080000000,0x00000000aee2cb60,0x00000000aee80000)
 Metaspace       used 100919K, committed 102592K, reserved 1179648K
  class space    used 9847K, committed 10624K, reserved 1048576K
}
Event: 44024.359 GC heap after
{Heap after GC invocations=9509 (full 14):
 PSYoungGen      total 13312K, used 1216K [0x00000000d5580000, 0x00000000d6500000, 0x0000000100000000)
  eden space 11776K, 0% used [0x00000000d5580000,0x00000000d5580000,0x00000000d6100000)
  from space 1536K, 79% used [0x00000000d6380000,0x00000000d64b0020,0x00000000d6500000)
  to   space 1536K, 0% used [0x00000000d6100000,0x00000000d6100000,0x00000000d6280000)
 ParOldGen       total 769536K, used 769275K [0x0000000080000000, 0x00000000aef80000, 0x00000000d5580000)
  object space 769536K, 99% used [0x0000000080000000,0x00000000aef3ec00,0x00000000aef80000)
 Metaspace       used 100919K, committed 102592K, reserved 1179648K
  class space    used 9847K, committed 10624K, reserved 1048576K
}
Event: 44025.980 GC heap before
{Heap before GC invocations=9510 (full 14):
 PSYoungGen      total 13312K, used 12992K [0x00000000d5580000, 0x00000000d6500000, 0x0000000100000000)
  eden space 11776K, 100% used [0x00000000d5580000,0x00000000d6100000,0x00000000d6100000)
  from space 1536K, 79% used [0x00000000d6380000,0x00000000d64b0020,0x00000000d6500000)
  to   space 1536K, 0% used [0x00000000d6100000,0x00000000d6100000,0x00000000d6280000)
 ParOldGen       total 769536K, used 769275K [0x0000000080000000, 0x00000000aef80000, 0x00000000d5580000)
  object space 769536K, 99% used [0x0000000080000000,0x00000000aef3ec00,0x00000000aef80000)
 Metaspace       used 100919K, committed 102592K, reserved 1179648K
  class space    used 9847K, committed 10624K, reserved 1048576K
}
Event: 44025.983 GC heap after
{Heap after GC invocations=9510 (full 14):
 PSYoungGen      total 13312K, used 467K [0x00000000d5580000, 0x00000000d6400000, 0x0000000100000000)
  eden space 11776K, 0% used [0x00000000d5580000,0x00000000d5580000,0x00000000d6100000)
  from space 1536K, 30% used [0x00000000d6100000,0x00000000d6174e70,0x00000000d6280000)
  to   space 1024K, 0% used [0x00000000d6300000,0x00000000d6300000,0x00000000d6400000)
 ParOldGen       total 770560K, used 770255K [0x0000000080000000, 0x00000000af080000, 0x00000000d5580000)
  object space 770560K, 99% used [0x0000000080000000,0x00000000af033cd0,0x00000000af080000)
 Metaspace       used 100919K, committed 102592K, reserved 1179648K
  class space    used 9847K, committed 10624K, reserved 1048576K
}

