# JRE version: OpenJDK Runtime Environment Temurin-21.0.9+10 (21.0.9+10) (build 21.0.9+10-LTS)
# Java VM: OpenJDK 64-Bit Server VM Temurin-21.0.9+10 (21.0.9+10-LTS, mixed mode, sharing, tiered, compressed oops, compressed class ptrs, parallel gc, windows-amd64)
GC Precious Log:
 CardTable entry size: 512
 CPUs: 16 total, 16 available
 Memory: 11972M
 Large Page Support: Disabled
 NUMA Support: Disabled
 Compressed Oops: Enabled (32-bit)
 Alignments: Space 512K, Generation 512K, Heap 2M
 Heap Min Capacity: 100M
 Heap Initial Capacity: 100M
 Heap Max Capacity: 2G
 Pre-touch: Disabled
 Parallel Workers: 13
Heap:
 PSYoungGen      total 16384K, used 5995K [0x00000000d5580000, 0x00000000d6880000, 0x0000000100000000)
  eden space 13312K, 31% used [0x00000000d5580000,0x00000000d59969b8,0x00000000d6280000)
  from space 3072K, 58% used [0x00000000d6300000,0x00000000d64c4410,0x00000000d6600000)
  to   space 2048K, 0% used [0x00000000d6680000,0x00000000d6680000,0x00000000d6880000)
 ParOldGen       total 68608K, used 38148K [0x0000000080000000, 0x0000000084300000, 0x00000000d5580000)
  object space 68608K, 55% used [0x0000000080000000,0x0000000082541070,0x0000000084300000)
 Metaspace       used 49172K, committed 50560K, reserved 1114112K
  class space    used 5319K, committed 5888K, reserved 1048576K
GC Heap History (20 events):
Event: 7.300 GC heap before
{Heap before GC invocations=19 (full 2):
 PSYoungGen      total 15360K, used 15354K [0x00000000d5580000, 0x00000000d8100000, 0x0000000100000000)
  eden space 13312K, 100% used [0x00000000d5580000,0x00000000d6280000,0x00000000d6280000)
  from space 2048K, 99% used [0x00000000d6d80000,0x00000000d6f7eb00,0x00000000d6f80000)
  to   space 11264K, 0% used [0x00000000d6280000,0x00000000d6280000,0x00000000d6d80000)
 ParOldGen       total 68608K, used 28067K [0x0000000080000000, 0x0000000084300000, 0x00000000d5580000)
  object space 68608K, 40% used [0x0000000080000000,0x0000000081b68eb0,0x0000000084300000)
 Metaspace       used 40644K, committed 41920K, reserved 1114112K
  class space    used 4303K, committed 4864K, reserved 1048576K
}
Event: 7.303 GC heap after
{Heap after GC invocations=19 (full 2):
 PSYoungGen      total 15360K, used 1760K [0x00000000d5580000, 0x00000000d6e00000, 0x0000000100000000)
  eden space 13312K, 0% used [0x00000000d5580000,0x00000000d5580000,0x00000000d6280000)
  from space 2048K, 85% used [0x00000000d6280000,0x00000000d6438000,0x00000000d6480000)
  to   space 4608K, 0% used [0x00000000d6980000,0x00000000d6980000,0x00000000d6e00000)
 ParOldGen       total 68608K, used 30105K [0x0000000080000000, 0x0000000084300000, 0x00000000d5580000)
  object space 68608K, 43% used [0x0000000080000000,0x0000000081d666a0,0x0000000084300000)
 Metaspace       used 40644K, committed 41920K, reserved 1114112K
  class space    used 4303K, committed 4864K, reserved 1048576K
}
Event: 7.555 GC heap before
{Heap before GC invocations=20 (full 2):
 PSYoungGen      total 15360K, used 15072K [0x00000000d5580000, 0x00000000d6e00000, 0x0000000100000000)
  eden space 13312K, 100% used [0x00000000d5580000,0x00000000d6280000,0x00000000d6280000)
  from space 2048K, 85% used [0x00000000d6280000,0x00000000d6438000,0x00000000d6480000)
  to   space 4608K, 0% used [0x00000000d6980000,0x00000000d6980000,0x00000000d6e00000)
 ParOldGen       total 68608K, used 30105K [0x0000000080000000, 0x0000000084300000, 0x00000000d5580000)
  object space 68608K, 43% used [0x0000000080000000,0x0000000081d666a0,0x0000000084300000)
 Metaspace       used 42222K, committed 43520K, reserved 1114112K
  class space    used 4500K, committed 5056K, reserved 1048576K
}
Event: 7.558 GC heap after
{Heap after GC invocations=20 (full 2):
 PSYoungGen      total 14336K, used 736K [0x00000000d5580000, 0x00000000d6a80000, 0x0000000100000000)
  eden space 13312K, 0% used [0x00000000d5580000,0x00000000d5580000,0x00000000d6280000)
  from space 1024K, 71% used [0x00000000d6980000,0x00000000d6a38000,0x00000000d6a80000)
  to   space 2048K, 0% used [0x00000000d6680000,0x00000000d6680000,0x00000000d6880000)
 ParOldGen       total 68608K, used 31609K [0x0000000080000000, 0x0000000084300000, 0x00000000d5580000)
  object space 68608K, 46% used [0x0000000080000000,0x0000000081ede6b0,0x0000000084300000)
 Metaspace       used 42222K, committed 43520K, reserved 1114112K
  class space    used 4500K, committed 5056K, reserved 1048576K
}
Event: 7.856 GC heap before
{Heap before GC invocations=21 (full 2):
 PSYoungGen      total 14336K, used 14048K [0x00000000d5580000, 0x00000000d6a80000, 0x0000000100000000)
  eden space 13312K, 100% used [0x00000000d5580000,0x00000000d6280000,0x00000000d6280000)
  from space 1024K, 71% used [0x00000000d6980000,0x00000000d6a38000,0x00000000d6a80000)
  to   space 2048K, 0% used [0x00000000d6680000,0x00000000d6680000,0x00000000d6880000)
 ParOldGen       total 68608K, used 31609K [0x0000000080000000, 0x0000000084300000, 0x00000000d5580000)
  object space 68608K, 46% used [0x0000000080000000,0x0000000081ede6b0,0x0000000084300000)
 Metaspace       used 43766K, committed 45120K, reserved 1114112K
  class space    used 4697K, committed 5248K, reserved 1048576K
}
Event: 7.858 GC heap after
{Heap after GC invocations=21 (full 2):
 PSYoungGen      total 15360K, used 960K [0x00000000d5580000, 0x00000000d6a00000, 0x0000000100000000)
  eden space 13312K, 0% used [0x00000000d5580000,0x00000000d5580000,0x00000000d6280000)
  from space 2048K, 46% used [0x00000000d6680000,0x00000000d6770000,0x00000000d6880000)
  to   space 1536K, 0% used [0x00000000d6880000,0x00000000d6880000,0x00000000d6a00000)
 ParOldGen       total 68608K, used 32105K [0x0000000080000000, 0x0000000084300000, 0x00000000d5580000)
  object space 68608K, 46% used [0x0000000080000000,0x0000000081f5a6b0,0x0000000084300000)
 Metaspace       used 43766K, committed 45120K, reserved 1114112K
  class space    used 4697K, committed 5248K, reserved 1048576K
}
Event: 8.249 GC heap before
{Heap before GC invocations=22 (full 2):
 PSYoungGen      total 15360K, used 14272K [0x00000000d5580000, 0x00000000d6a00000, 0x0000000100000000)
  eden space 13312K, 100% used [0x00000000d5580000,0x00000000d6280000,0x00000000d6280000)
  from space 2048K, 46% used [0x00000000d6680000,0x00000000d6770000,0x00000000d6880000)
  to   space 1536K, 0% used [0x00000000d6880000,0x00000000d6880000,0x00000000d6a00000)
 ParOldGen       total 68608K, used 32105K [0x0000000080000000, 0x0000000084300000, 0x00000000d5580000)
  object space 68608K, 46% used [0x0000000080000000,0x0000000081f5a6b0,0x0000000084300000)
 Metaspace       used 45387K, committed 46720K, reserved 1114112K
  class space    used 4916K, committed 5504K, reserved 1048576K
}
Event: 8.251 GC heap after
{Heap after GC invocations=22 (full 2):
 PSYoungGen      total 14848K, used 1056K [0x00000000d5580000, 0x00000000d6a00000, 0x0000000100000000)
  eden space 13312K, 0% used [0x00000000d5580000,0x00000000d5580000,0x00000000d6280000)
  from space 1536K, 68% used [0x00000000d6880000,0x00000000d6988000,0x00000000d6a00000)
  to   space 1536K, 0% used [0x00000000d6700000,0x00000000d6700000,0x00000000d6880000)
 ParOldGen       total 68608K, used 32841K [0x0000000080000000, 0x0000000084300000, 0x00000000d5580000)
  object space 68608K, 47% used [0x0000000080000000,0x00000000820126b0,0x0000000084300000)
 Metaspace       used 45387K, committed 46720K, reserved 1114112K
  class space    used 4916K, committed 5504K, reserved 1048576K
}
Event: 8.538 GC heap before
{Heap before GC invocations=23 (full 2):
 PSYoungGen      total 14848K, used 14343K [0x00000000d5580000, 0x00000000d6a00000, 0x0000000100000000)
  eden space 13312K, 99% used [0x00000000d5580000,0x00000000d6279da8,0x00000000d6280000)
  from space 1536K, 68% used [0x00000000d6880000,0x00000000d6988000,0x00000000d6a00000)
  to   space 1536K, 0% used [0x00000000d6700000,0x00000000d6700000,0x00000000d6880000)
 ParOldGen       total 68608K, used 32841K [0x0000000080000000, 0x0000000084300000, 0x00000000d5580000)
  object space 68608K, 47% used [0x0000000080000000,0x00000000820126b0,0x0000000084300000)
 Metaspace       used 46749K, committed 48064K, reserved 1114112K
  class space    used 5078K, committed 5632K, reserved 1048576K
}
Event: 8.540 GC heap after
{Heap after GC invocations=23 (full 2):
 PSYoungGen      total 14848K, used 1081K [0x00000000d5580000, 0x00000000d6900000, 0x0000000100000000)
  eden space 13312K, 0% used [0x00000000d5580000,0x00000000d5580000,0x00000000d6280000)
  from space 1536K, 70% used [0x00000000d6700000,0x00000000d680e5e0,0x00000000d6880000)
  to   space 512K, 0% used [0x00000000d6880000,0x00000000d6880000,0x00000000d6900000)
 ParOldGen       total 68608K, used 33673K [0x0000000080000000, 0x0000000084300000, 0x00000000d5580000)
  object space 68608K, 49% used [0x0000000080000000,0x00000000820e26d0,0x0000000084300000)
 Metaspace       used 46749K, committed 48064K, reserved 1114112K
  class space    used 5078K, committed 5632K, reserved 1048576K
}
Event: 9.258 GC heap before
{Heap before GC invocations=24 (full 2):
 PSYoungGen      total 14848K, used 14393K [0x00000000d5580000, 0x00000000d6900000, 0x0000000100000000)
  eden space 13312K, 100% used [0x00000000d5580000,0x00000000d6280000,0x00000000d6280000)
  from space 1536K, 70% used [0x00000000d6700000,0x00000000d680e5e0,0x00000000d6880000)
  to   space 512K, 0% used [0x00000000d6880000,0x00000000d6880000,0x00000000d6900000)
 ParOldGen       total 68608K, used 33673K [0x0000000080000000, 0x0000000084300000, 0x00000000d5580000)
  object space 68608K, 49% used [0x0000000080000000,0x00000000820e26d0,0x0000000084300000)
 Metaspace       used 47059K, committed 48320K, reserved 1114112K
  class space    used 5100K, committed 5632K, reserved 1048576K
}
Event: 9.260 GC heap after
{Heap after GC invocations=24 (full 2):
 PSYoungGen      total 13824K, used 320K [0x00000000d5580000, 0x00000000d6900000, 0x0000000100000000)
  eden space 13312K, 0% used [0x00000000d5580000,0x00000000d5580000,0x00000000d6280000)
  from space 512K, 62% used [0x00000000d6880000,0x00000000d68d0000,0x00000000d6900000)
  to   space 1024K, 0% used [0x00000000d6700000,0x00000000d6700000,0x00000000d6800000)
 ParOldGen       total 68608K, used 34546K [0x0000000080000000, 0x0000000084300000, 0x00000000d5580000)
  object space 68608K, 50% used [0x0000000080000000,0x00000000821bcb48,0x0000000084300000)
 Metaspace       used 47059K, committed 48320K, reserved 1114112K
  class space    used 5100K, committed 5632K, reserved 1048576K
}
Event: 9.490 GC heap before
{Heap before GC invocations=25 (full 2):
 PSYoungGen      total 13824K, used 13632K [0x00000000d5580000, 0x00000000d6900000, 0x0000000100000000)
  eden space 13312K, 100% used [0x00000000d5580000,0x00000000d6280000,0x00000000d6280000)
  from space 512K, 62% used [0x00000000d6880000,0x00000000d68d0000,0x00000000d6900000)
  to   space 1024K, 0% used [0x00000000d6700000,0x00000000d6700000,0x00000000d6800000)
 ParOldGen       total 68608K, used 34546K [0x0000000080000000, 0x0000000084300000, 0x00000000d5580000)
  object space 68608K, 50% used [0x0000000080000000,0x00000000821bcb48,0x0000000084300000)
 Metaspace       used 47129K, committed 48384K, reserved 1114112K
  class space    used 5109K, committed 5632K, reserved 1048576K
}
Event: 9.491 GC heap after
{Heap after GC invocations=25 (full 2):
 PSYoungGen      total 14336K, used 448K [0x00000000d5580000, 0x00000000d6900000, 0x0000000100000000)
  eden space 13312K, 0% used [0x00000000d5580000,0x00000000d5580000,0x00000000d6280000)
  from space 1024K, 43% used [0x00000000d6700000,0x00000000d6770000,0x00000000d6800000)
  to   space 512K, 0% used [0x00000000d6880000,0x00000000d6880000,0x00000000d6900000)
 ParOldGen       total 68608K, used 34650K [0x0000000080000000, 0x0000000084300000, 0x00000000d5580000)
  object space 68608K, 50% used [0x0000000080000000,0x00000000821d6b48,0x0000000084300000)
 Metaspace       used 47129K, committed 48384K, reserved 1114112K
  class space    used 5109K, committed 5632K, reserved 1048576K
}
Event: 9.858 GC heap before
{Heap before GC invocations=26 (full 2):
 PSYoungGen      total 14336K, used 13760K [0x00000000d5580000, 0x00000000d6900000, 0x0000000100000000)
  eden space 13312K, 100% used [0x00000000d5580000,0x00000000d6280000,0x00000000d6280000)
  from space 1024K, 43% used [0x00000000d6700000,0x00000000d6770000,0x00000000d6800000)
  to   space 512K, 0% used [0x00000000d6880000,0x00000000d6880000,0x00000000d6900000)
 ParOldGen       total 68608K, used 34650K [0x0000000080000000, 0x0000000084300000, 0x00000000d5580000)
  object space 68608K, 50% used [0x0000000080000000,0x00000000821d6b48,0x0000000084300000)
 Metaspace       used 47647K, committed 49024K, reserved 1114112K
  class space    used 5158K, committed 5696K, reserved 1048576K
}
Event: 9.860 GC heap after
{Heap after GC invocations=26 (full 2):
 PSYoungGen      total 13824K, used 504K [0x00000000d5580000, 0x00000000d6900000, 0x0000000100000000)
  eden space 13312K, 0% used [0x00000000d5580000,0x00000000d5580000,0x00000000d6280000)
  from space 512K, 98% used [0x00000000d6880000,0x00000000d68fe1a8,0x00000000d6900000)
  to   space 1024K, 0% used [0x00000000d6700000,0x00000000d6700000,0x00000000d6800000)
 ParOldGen       total 68608K, used 34997K [0x0000000080000000, 0x0000000084300000, 0x00000000d5580000)
  object space 68608K, 51% used [0x0000000080000000,0x000000008222d6b8,0x0000000084300000)
 Metaspace       used 47647K, committed 49024K, reserved 1114112K
  class space    used 5158K, committed 5696K, reserved 1048576K
}
Event: 10.093 GC heap before
{Heap before GC invocations=27 (full 2):
 PSYoungGen      total 13824K, used 13816K [0x00000000d5580000, 0x00000000d6900000, 0x0000000100000000)
  eden space 13312K, 100% used [0x00000000d5580000,0x00000000d6280000,0x00000000d6280000)
  from space 512K, 98% used [0x00000000d6880000,0x00000000d68fe1a8,0x00000000d6900000)
  to   space 1024K, 0% used [0x00000000d6700000,0x00000000d6700000,0x00000000d6800000)
 ParOldGen       total 68608K, used 34997K [0x0000000080000000, 0x0000000084300000, 0x00000000d5580000)
  object space 68608K, 51% used [0x0000000080000000,0x000000008222d6b8,0x0000000084300000)
 Metaspace       used 48827K, committed 50304K, reserved 1114112K
  class space    used 5267K, committed 5888K, reserved 1048576K
}
Event: 10.095 GC heap after
{Heap after GC invocations=27 (full 2):
 PSYoungGen      total 14336K, used 992K [0x00000000d5580000, 0x00000000d6900000, 0x0000000100000000)
  eden space 13312K, 0% used [0x00000000d5580000,0x00000000d5580000,0x00000000d6280000)
  from space 1024K, 96% used [0x00000000d6700000,0x00000000d67f8030,0x00000000d6800000)
  to   space 1024K, 0% used [0x00000000d6800000,0x00000000d6800000,0x00000000d6900000)
 ParOldGen       total 68608K, used 35676K [0x0000000080000000, 0x0000000084300000, 0x00000000d5580000)
  object space 68608K, 51% used [0x0000000080000000,0x00000000822d7030,0x0000000084300000)
 Metaspace       used 48827K, committed 50304K, reserved 1114112K
  class space    used 5267K, committed 5888K, reserved 1048576K
}
Event: 10.149 GC heap before
{Heap before GC invocations=28 (full 2):
 PSYoungGen      total 14336K, used 14304K [0x00000000d5580000, 0x00000000d6900000, 0x0000000100000000)
  eden space 13312K, 100% used [0x00000000d5580000,0x00000000d6280000,0x00000000d6280000)
  from space 1024K, 96% used [0x00000000d6700000,0x00000000d67f8030,0x00000000d6800000)
  to   space 1024K, 0% used [0x00000000d6800000,0x00000000d6800000,0x00000000d6900000)
 ParOldGen       total 68608K, used 35676K [0x0000000080000000, 0x0000000084300000, 0x00000000d5580000)
  object space 68608K, 51% used [0x0000000080000000,0x00000000822d7030,0x0000000084300000)
 Metaspace       used 48827K, committed 50304K, reserved 1114112K
  class space    used 5267K, committed 5888K, reserved 1048576K
}
Event: 10.151 GC heap after
{Heap after GC invocations=28 (full 2):
 PSYoungGen      total 14336K, used 992K [0x00000000d5580000, 0x00000000d6900000, 0x0000000100000000)
  eden space 13312K, 0% used [0x00000000d5580000,0x00000000d5580000,0x00000000d6280000)
  from space 1024K, 96% used [0x00000000d6800000,0x00000000d68f8010,0x00000000d6900000)
  to   space 3072K, 0% used [0x00000000d6300000,0x00000000d6300000,0x00000000d6600000)
 ParOldGen       total 68608K, used 37092K [0x0000000080000000, 0x0000000084300000, 0x00000000d5580000)
  object space 68608K, 54% used [0x0000000080000000,0x0000000082439060,0x0000000084300000)
 Metaspace       used 48827K, committed 50304K, reserved 1114112K
  class space    used 5267K, committed 5888K, reserved 1048576K
}

